app/build/intermediates/manifest_merge_blame_file/debug/processDebugMainManifest/manifest-merger-blame-debug-report.txt
1<?xml version="1.0" encoding="utf-8"?>
2<manifest xmlns:android="http://schemas.android.com/apk/res/android"
3    package="com.piterm.glassterminal"
4    android:versionCode="1"
5    android:versionName="1.0.0" >
6
7    <uses-sdk
7-->INJECTED
8        android:minSdkVersion="26"
8-->INJECTED
9        android:targetSdkVersion="35" />
9-->INJECTED
10
11    <!-- Network permissions for SSH/VNC over Wi-Fi hotspot -->
12    <uses-permission android:name="android.permission.INTERNET" />
12-->src\main\AndroidManifest.xml:5:5-67
12-->src\main\AndroidManifest.xml:5:22-64
13    <uses-permission android:name="android.permission.ACCESS_WIFI_STATE" />
13-->src\main\AndroidManifest.xml:6:5-76
13-->src\main\AndroidManifest.xml:6:22-73
14    <uses-permission android:name="android.permission.ACCESS_NETWORK_STATE" />
14-->src\main\AndroidManifest.xml:7:5-79
14-->src\main\AndroidManifest.xml:7:22-76
15    <uses-permission android:name="android.permission.CHANGE_WIFI_STATE" />
15-->src\main\AndroidManifest.xml:8:5-76
15-->src\main\AndroidManifest.xml:8:22-73
16    <uses-permission android:name="android.permission.CHANGE_NETWORK_STATE" />
16-->src\main\AndroidManifest.xml:9:5-79
16-->src\main\AndroidManifest.xml:9:22-76
17
18    <!-- mDNS / NSD requires multicast on some devices -->
19    <uses-permission android:name="android.permission.CHANGE_WIFI_MULTICAST_STATE" />
19-->src\main\AndroidManifest.xml:12:5-86
19-->src\main\AndroidManifest.xml:12:22-83
20
21    <!-- Foreground service for persistent SSH connection -->
22    <uses-permission android:name="android.permission.FOREGROUND_SERVICE" />
22-->src\main\AndroidManifest.xml:15:5-77
22-->src\main\AndroidManifest.xml:15:22-74
23    <uses-permission android:name="android.permission.FOREGROUND_SERVICE_CONNECTED_DEVICE" />
23-->src\main\AndroidManifest.xml:16:5-94
23-->src\main\AndroidManifest.xml:16:22-91
24    <uses-permission android:name="android.permission.POST_NOTIFICATIONS" />
24-->src\main\AndroidManifest.xml:17:5-77
24-->src\main\AndroidManifest.xml:17:22-74
25
26    <!-- Keep screen awake during VNC sessions -->
27    <uses-permission android:name="android.permission.WAKE_LOCK" />
27-->src\main\AndroidManifest.xml:20:5-68
27-->src\main\AndroidManifest.xml:20:22-65
28
29    <permission
29-->[androidx.core:core:1.15.0] AndroidManifest.xml:22:5-24:47
30        android:name="com.piterm.glassterminal.DYNAMIC_RECEIVER_NOT_EXPORTED_PERMISSION"
30-->[androidx.core:core:1.15.0] AndroidManifest.xml:23:9-81
31        android:protectionLevel="signature" />
31-->[androidx.core:core:1.15.0] AndroidManifest.xml:24:9-44
32
33    <uses-permission android:name="com.piterm.glassterminal.DYNAMIC_RECEIVER_NOT_EXPORTED_PERMISSION" />
33-->[androidx.core:core:1.15.0] AndroidManifest.xml:26:5-97
33-->[androidx.core:core:1.15.0] AndroidManifest.xml:26:22-94
34
35    <application
35-->src\main\AndroidManifest.xml:22:5-50:19
36        android:name="com.piterm.glassterminal.GlassTerminalApp"
36-->src\main\AndroidManifest.xml:23:9-41
37        android:allowBackup="false"
37-->src\main\AndroidManifest.xml:24:9-36
38        android:appComponentFactory="androidx.core.app.CoreComponentFactory"
38-->[androidx.core:core:1.15.0] AndroidManifest.xml:28:18-86
39        android:debuggable="true"
40        android:extractNativeLibs="false"
40-->INJECTED
41        android:icon="@mipmap/ic_launcher"
41-->src\main\AndroidManifest.xml:25:9-43
42        android:label="Glass Terminal"
42-->src\main\AndroidManifest.xml:26:9-39
43        android:networkSecurityConfig="@xml/network_security_config"
43-->src\main\AndroidManifest.xml:30:9-69
44        android:supportsRtl="true"
44-->src\main\AndroidManifest.xml:27:9-35
45        android:testOnly="true"
46        android:theme="@style/Theme.GlassTerminal"
46-->src\main\AndroidManifest.xml:28:9-51
47        android:usesCleartextTraffic="false" >
47-->src\main\AndroidManifest.xml:29:9-45
48        <activity
48-->src\main\AndroidManifest.xml:32:9-42:20
49            android:name="com.piterm.glassterminal.MainActivity"
49-->src\main\AndroidManifest.xml:33:13-41
50            android:configChanges="orientation|screenSize|keyboardHidden"
50-->src\main\AndroidManifest.xml:36:13-74
51            android:exported="true"
51-->src\main\AndroidManifest.xml:34:13-36
52            android:screenOrientation="unspecified"
52-->src\main\AndroidManifest.xml:37:13-52
53            android:windowSoftInputMode="adjustResize" >
53-->src\main\AndroidManifest.xml:35:13-55
54            <intent-filter>
54-->src\main\AndroidManifest.xml:38:13-41:29
55                <action android:name="android.intent.action.MAIN" />
55-->src\main\AndroidManifest.xml:39:17-69
55-->src\main\AndroidManifest.xml:39:25-66
56
57                <category android:name="android.intent.category.LAUNCHER" />
57-->src\main\AndroidManifest.xml:40:17-77
57-->src\main\AndroidManifest.xml:40:27-74
58            </intent-filter>
59        </activity>
60
61        <!-- Foreground service for persistent SSH tunnel -->
62        <service
62-->src\main\AndroidManifest.xml:45:9-48:40
63            android:name="com.piterm.glassterminal.service.SshForegroundService"
63-->src\main\AndroidManifest.xml:46:13-57
64            android:exported="false"
64-->src\main\AndroidManifest.xml:48:13-37
65            android:foregroundServiceType="connectedDevice" />
65-->src\main\AndroidManifest.xml:47:13-60
66
67        <activity
67-->[androidx.compose.ui:ui-tooling-android:1.7.6] AndroidManifest.xml:23:9-25:39
68            android:name="androidx.compose.ui.tooling.PreviewActivity"
68-->[androidx.compose.ui:ui-tooling-android:1.7.6] AndroidManifest.xml:24:13-71
69            android:exported="true" />
69-->[androidx.compose.ui:ui-tooling-android:1.7.6] AndroidManifest.xml:25:13-36
70
71        <provider
71-->[androidx.emoji2:emoji2:1.3.0] AndroidManifest.xml:24:9-32:20
72            android:name="androidx.startup.InitializationProvider"
72-->[androidx.emoji2:emoji2:1.3.0] AndroidManifest.xml:25:13-67
73            android:authorities="com.piterm.glassterminal.androidx-startup"
73-->[androidx.emoji2:emoji2:1.3.0] AndroidManifest.xml:26:13-68
74            android:exported="false" >
74-->[androidx.emoji2:emoji2:1.3.0] AndroidManifest.xml:27:13-37
75            <meta-data
75-->[androidx.emoji2:emoji2:1.3.0] AndroidManifest.xml:29:13-31:52
76                android:name="androidx.emoji2.text.EmojiCompatInitializer"
76-->[androidx.emoji2:emoji2:1.3.0] AndroidManifest.xml:30:17-75
77                android:value="androidx.startup" />
77-->[androidx.emoji2:emoji2:1.3.0] AndroidManifest.xml:31:17-49
78            <meta-data
78-->[androidx.lifecycle:lifecycle-process:2.8.7] AndroidManifest.xml:29:13-31:52
79                android:name="androidx.lifecycle.ProcessLifecycleInitializer"
79-->[androidx.lifecycle:lifecycle-process:2.8.7] AndroidManifest.xml:30:17-78
80                android:value="androidx.startup" />
80-->[androidx.lifecycle:lifecycle-process:2.8.7] AndroidManifest.xml:31:17-49
81            <meta-data
81-->[androidx.profileinstaller:profileinstaller:1.3.1] AndroidManifest.xml:29:13-31:52
82                android:name="androidx.profileinstaller.ProfileInstallerInitializer"
82-->[androidx.profileinstaller:profileinstaller:1.3.1] AndroidManifest.xml:30:17-85
83                android:value="androidx.startup" />
83-->[androidx.profileinstaller:profileinstaller:1.3.1] AndroidManifest.xml:31:17-49
84        </provider>
85
86        <receiver
86-->[androidx.profileinstaller:profileinstaller:1.3.1] AndroidManifest.xml:34:9-52:20
87            android:name="androidx.profileinstaller.ProfileInstallReceiver"
87-->[androidx.profileinstaller:profileinstaller:1.3.1] AndroidManifest.xml:35:13-76
88            android:directBootAware="false"
88-->[androidx.profileinstaller:profileinstaller:1.3.1] AndroidManifest.xml:36:13-44
89            android:enabled="true"
89-->[androidx.profileinstaller:profileinstaller:1.3.1] AndroidManifest.xml:37:13-35
90            android:exported="true"
90-->[androidx.profileinstaller:profileinstaller:1.3.1] AndroidManifest.xml:38:13-36
91            android:permission="android.permission.DUMP" >
91-->[androidx.profileinstaller:profileinstaller:1.3.1] AndroidManifest.xml:39:13-57
92            <intent-filter>
92-->[androidx.profileinstaller:profileinstaller:1.3.1] AndroidManifest.xml:40:13-42:29
93                <action android:name="androidx.profileinstaller.action.INSTALL_PROFILE" />
93-->[androidx.profileinstaller:profileinstaller:1.3.1] AndroidManifest.xml:41:17-91
93-->[androidx.profileinstaller:profileinstaller:1.3.1] AndroidManifest.xml:41:25-88
94            </intent-filter>
95            <intent-filter>
95-->[androidx.profileinstaller:profileinstaller:1.3.1] AndroidManifest.xml:43:13-45:29
96                <action android:name="androidx.profileinstaller.action.SKIP_FILE" />
96-->[androidx.profileinstaller:profileinstaller:1.3.1] AndroidManifest.xml:44:17-85
96-->[androidx.profileinstaller:profileinstaller:1.3.1] AndroidManifest.xml:44:25-82
97            </intent-filter>
98            <intent-filter>
98-->[androidx.profileinstaller:profileinstaller:1.3.1] AndroidManifest.xml:46:13-48:29
99                <action android:name="androidx.profileinstaller.action.SAVE_PROFILE" />
99-->[androidx.profileinstaller:profileinstaller:1.3.1] AndroidManifest.xml:47:17-88
99-->[androidx.profileinstaller:profileinstaller:1.3.1] AndroidManifest.xml:47:25-85
100            </intent-filter>
101            <intent-filter>
101-->[androidx.profileinstaller:profileinstaller:1.3.1] AndroidManifest.xml:49:13-51:29
102                <action android:name="androidx.profileinstaller.action.BENCHMARK_OPERATION" />
102-->[androidx.profileinstaller:profileinstaller:1.3.1] AndroidManifest.xml:50:17-95
102-->[androidx.profileinstaller:profileinstaller:1.3.1] AndroidManifest.xml:50:25-92
103            </intent-filter>
104        </receiver>
105    </application>
106
107</manifest>